TN:
SF:script/Counter.s.sol
FN:7,CounterScript.setUp
FNDA:0,CounterScript.setUp
FN:9,CounterScript.run
FNDA:0,CounterScript.run
DA:10,0
FNF:2
FNH:0
LF:1
LH:0
BRF:0
BRH:0
end_of_record
TN:
SF:src/ERC20.sol
FN:40,ERC20.approve
FNDA:8,ERC20.approve
DA:41,8
DA:42,8
DA:43,8
FN:50,ERC20.transfer
FNDA:4,ERC20.transfer
DA:51,4
DA:52,2
FN:60,ERC20.transferFrom
FNDA:7,ERC20.transferFrom
DA:61,7
DA:62,7
BRDA:62,0,0,1
BRDA:62,0,1,3
DA:63,4
BRDA:63,1,0,1
BRDA:63,1,1,3
DA:64,1
DA:67,3
DA:70,6
DA:71,4
FN:78,ERC20._transfer
FNDA:10,ERC20._transfer
DA:79,10
DA:80,10
DA:81,10
BRDA:81,2,0,4
BRDA:81,2,1,6
DA:82,4
DA:85,6
DA:86,6
DA:88,6
FN:95,ERC20._validateTransfer
FNDA:10,ERC20._validateTransfer
FN:100,ERC20._mint
FNDA:11,ERC20._mint
DA:101,11
DA:103,11
DA:105,11
FN:111,ERC20._burn
FNDA:0,ERC20._burn
DA:112,0
DA:113,0
BRDA:113,3,0,-
BRDA:113,3,1,-
DA:114,0
DA:117,0
DA:119,0
FNF:7
FNH:6
LF:27
LH:22
BRF:8
BRH:6
end_of_record
TN:
SF:src/Unownable.sol
FN:23,Unownable.revokeOwnership
FNDA:0,Unownable.revokeOwnership
DA:24,0
BRDA:24,0,0,-
BRDA:24,0,1,-
DA:25,0
DA:27,0
DA:28,0
DA:29,0
FNF:1
FNH:0
LF:5
LH:0
BRF:2
BRH:0
end_of_record
TN:
SF:test/TurtleWifPants.t.sol
FN:9,TurtleWifPantsTest.setUp
FNDA:0,TurtleWifPantsTest.setUp
FNF:1
FNH:0
LF:0
LH:0
BRF:0
BRH:0
end_of_record
TN:
SF:test/erc20/ERC20.t.sol
FN:15,ERC20Test.setUp
FNDA:6,ERC20Test.setUp
DA:16,6
DA:17,6
FN:21,ERC20Test._deployToken
FNDA:6,ERC20Test._deployToken
DA:22,6
FN:26,ERC20Test._allocateTokens
FNDA:11,ERC20Test._allocateTokens
DA:27,11
FN:31,ERC20Test._expectedName
FNDA:1,ERC20Test._expectedName
DA:32,1
FN:36,ERC20Test._expectedSymbol
FNDA:1,ERC20Test._expectedSymbol
DA:37,1
FNF:5
FNH:5
LF:6
LH:6
BRF:0
BRH:0
end_of_record
TN:
SF:test/mocks/MockERC20.sol
FN:14,MockERC20.mint
FNDA:11,MockERC20.mint
DA:15,11
FN:19,MockERC20.burn
FNDA:0,MockERC20.burn
DA:20,0
FNF:2
FNH:1
LF:2
LH:1
BRF:0
BRH:0
end_of_record
TN:
SF:test/utils/Base.t.sol
FN:20,BaseTest.setUp
FNDA:6,BaseTest.setUp
DA:21,6
DA:22,6
DA:23,6
FNF:1
FNH:1
LF:3
LH:3
BRF:0
BRH:0
end_of_record
